Reading and processing data...
Reading from ... ./RTB028_Agilent_15k_DMS
Reading from ... ./RTB029_Agilent_15k_MaraNomod
Reading from ... ./RTB030_Agilent_15k_2A3
Reading from ... ./RTB031_Agilent_15k_SSIINomod
Reading raw counts from ... ./RTB028_Agilent_15k_DMS
Reading raw counts from ... ./RTB029_Agilent_15k_MaraNomod
Reading raw counts from ... ./RTB030_Agilent_15k_2A3
Reading raw counts from ... ./RTB031_Agilent_15k_SSIINomod
Condition 1 will be RTB028_Agilent_15k_DMS minus RTB029_Agilent_15k_MaraNomod.
Condition 2 will be RTB030_Agilent_15k_2A3 minus RTB031_Agilent_15k_SSIINomod.
Reading sequence FASTA file...: 230601_GPN_library_RCK_edit.fasta.
Read in 15000 sequences from 230601_GPN_library_RCK_edit.fasta.
Setting BLANK_OUT5 to be 26 nucleotides; if this does not look right, re-run with explicit specification of BLANK_OUT5
Compiling reactivity...
Elapsed time is 4.053775 seconds.
Spreading out deletions...
Doing 1000 out of 15000...
Doing 2000 out of 15000...
Doing 3000 out of 15000...
Doing 4000 out of 15000...
Doing 5000 out of 15000...
Doing 6000 out of 15000...
Doing 7000 out of 15000...
Doing 8000 out of 15000...
Doing 9000 out of 15000...
Doing 10000 out of 15000...
Doing 11000 out of 15000...
Doing 12000 out of 15000...
Doing 13000 out of 15000...
Doing 14000 out of 15000...
Doing 15000 out of 15000...
Elapsed time is 10.820129 seconds.
For normalization, using 10415 sequences that pass a total coverage cutoff of 10000 
Normalizing reactivity profiles for 1 RTB028_Agilent_15k_DMS with value 0.020316.
Normalizing reactivity profiles for 2 RTB030_Agilent_15k_2A3 with value 0.039626.

Creating figures (provide no_figures in options to skip)...
Mean signal-to-noise (RTB028_Agilent_15k_DMS) 4.845999
Mean signal-to-noise (RTB030_Agilent_15k_2A3) 6.523876


strictmuts: 0.00821 ins: 0.00042 del: 0.00337 strictmuts+dels: 0.01158 rf-count: 0.01248  RTB028_Agilent_15k_DMS 
strictmuts: 0.00182 ins: 0.00023 del: 0.00291 strictmuts+dels: 0.00473 rf-count: 0.00484  RTB029_Agilent_15k_MaraNomod 
strictmuts: 0.01217 ins: 0.00219 del: 0.00887 strictmuts+dels: 0.02105 rf-count: 0.01931  RTB030_Agilent_15k_2A3 
strictmuts: 0.00317 ins: 0.00093 del: 0.00313 strictmuts+dels: 0.00630 rf-count: 0.00655  RTB031_Agilent_15k_SSIINomod 
Elapsed time is 7.440619 seconds.

Printing figures (provide no_print in options to skip)...
Creating: .//Figures/Figure1_fraction_reacted_first_500_designs.png
Creating: .//Figures/Figure2_S_N_vs._reads.png
Creating: .//Figures/Figure3_Mean_S_N.png
Creating: .//Figures/Figure4_first_designs_with_good_S_N_up_to_500.png
Creating: .//Figures/Figure5_first_designs_with_good_S_N_up_to_10000.png
Creating: .//Figures/Figure6_Top_S_N_design.png
Creating: .//Figures/Figure7_Mutation_type_analysis_table_summary.png
Creating: .//Figures/Figure8_Mutation_type_analysis_position-wise.png
Elapsed time is 64.282470 seconds.
